<?xml version="1.0" encoding="UTF-8"?>
<testng-results ignored="0" total="1" passed="1" failed="0" skipped="0">
  <reporter-output>
  </reporter-output>
  <suite started-at="2025-04-02T09:29:31 IST" name="Suite" finished-at="2025-04-02T09:29:43 IST" duration-ms="11301">
    <groups>
    </groups>
    <test started-at="2025-04-02T09:29:31 IST" name="Test" finished-at="2025-04-02T09:29:43 IST" duration-ms="11301">
      <class name="qa.test.TestCase1">
        <test-method is-config="true" signature="beforeTestMethod()[pri:0, instance:qa.test.TestCase1@563f38c4]" started-at="2025-04-02T09:29:31 IST" name="beforeTestMethod" finished-at="2025-04-02T09:29:31 IST" duration-ms="162" status="PASS">
          <reporter-output>
          </reporter-output>
        </test-method> <!-- beforeTestMethod -->
        <test-method is-config="true" signature="beforeMethod(java.lang.String,java.lang.reflect.Method)[pri:0, instance:qa.test.TestCase1@563f38c4]" started-at="2025-04-02T09:29:32 IST" name="beforeMethod" finished-at="2025-04-02T09:29:35 IST" duration-ms="3916" status="PASS">
          <params>
            <param index="0">
              <value>
                <![CDATA[chrome]]>
              </value>
            </param>
            <param index="1">
              <value>
                <![CDATA[public void qa.test.TestCase1.sampleMethodforEnteringCredentials() throws java.lang.InterruptedException]]>
              </value>
            </param>
          </params>
          <reporter-output>
          </reporter-output>
        </test-method> <!-- beforeMethod -->
        <test-method signature="sampleMethodforEnteringCredentials()[pri:0, instance:qa.test.TestCase1@563f38c4]" started-at="2025-04-02T09:29:35 IST" name="sampleMethodforEnteringCredentials" finished-at="2025-04-02T09:29:42 IST" duration-ms="6796" status="PASS">
          <reporter-output>
          </reporter-output>
        </test-method> <!-- sampleMethodforEnteringCredentials -->
        <test-method is-config="true" signature="afterMethod(org.testng.ITestResult)[pri:0, instance:qa.test.TestCase1@563f38c4]" started-at="2025-04-02T09:29:42 IST" name="afterMethod" finished-at="2025-04-02T09:29:42 IST" duration-ms="228" status="PASS">
          <params>
            <param index="0">
              <value>
                <![CDATA[[TestResult name=sampleMethodforEnteringCredentials status=SUCCESS method=TestCase1.sampleMethodforEnteringCredentials()[pri:0, instance:qa.test.TestCase1@563f38c4] output={null}]]]>
              </value>
            </param>
          </params>
          <reporter-output>
          </reporter-output>
        </test-method> <!-- afterMethod -->
        <test-method is-config="true" signature="afterTest()[pri:0, instance:qa.test.TestCase1@563f38c4]" started-at="2025-04-02T09:29:42 IST" name="afterTest" finished-at="2025-04-02T09:29:43 IST" duration-ms="173" status="PASS">
          <reporter-output>
          </reporter-output>
        </test-method> <!-- afterTest -->
      </class> <!-- qa.test.TestCase1 -->
    </test> <!-- Test -->
  </suite> <!-- Suite -->
</testng-results>
